<?xml version="1.0" encoding="UTF-8"?>
<!-- Generated by org.testng.reporters.JUnitReportReporter -->
<testsuite hostname="PC0QYJLL" failures="0" tests="3" name="Demo_TestNG_Script.Verify_Navigation_Command" time="12.978" errors="0" timestamp="2022-03-15T13:03:34 IST" skipped="0">
  <testcase classname="Demo_TestNG_Script.Verify_Navigation_Command" name="ClickForJSAlert" time="3.382"/>
  <system-out/>
  <testcase classname="Demo_TestNG_Script.Verify_Navigation_Command" name="ClickForJSPrompt" time="6.269"/>
  <system-out/>
  <testcase classname="Demo_TestNG_Script.Verify_Navigation_Command" name="ClickForJSConfirm" time="3.327"/>
  <system-out/>
</testsuite> <!-- Demo_TestNG_Script.Verify_Navigation_Command -->
