<?xml version="1.0" encoding="UTF-8"?>
<!-- Generated by org.testng.reporters.JUnitReportReporter -->
<testsuite hostname="PC0QYJLL" failures="0" tests="3" name="com.orangehrm.OrangeHRM_Login_Parameters" time="26.542" errors="0" timestamp="2022-03-16T11:58:03 IST" skipped="0">
  <testcase classname="com.orangehrm.OrangeHRM_Login_Parameters" name="Login" time="8.487"/>
  <system-out/>
  <testcase classname="com.orangehrm.OrangeHRM_Login_Parameters" name="Login" time="8.952"/>
  <system-out/>
  <testcase classname="com.orangehrm.OrangeHRM_Login_Parameters" name="Login" time="9.103"/>
  <system-out/>
</testsuite> <!-- com.orangehrm.OrangeHRM_Login_Parameters -->
