<?xml version="1.0" encoding="UTF-8"?>
<!-- Generated by org.testng.reporters.JUnitReportReporter -->
<testsuite hostname="PC0QYJLL" failures="0" tests="2" name="Demo_TestNG_Script.NewTest" time="13.115" errors="0" timestamp="2022-03-14T16:41:48 IST" skipped="0">
  <testcase classname="Demo_TestNG_Script.NewTest" name="Login" time="6.365"/>
  <system-out/>
  <testcase classname="Demo_TestNG_Script.NewTest" name="Logout" time="6.750"/>
  <system-out/>
</testsuite> <!-- Demo_TestNG_Script.NewTest -->
