<?xml version="1.0" encoding="UTF-8"?>
<!-- Generated by org.testng.reporters.JUnitReportReporter -->
<testsuite hostname="PC0QYJLL" failures="0" tests="3" name="com.orangehrm.JavaScript_Alerts" time="8.521" errors="0" timestamp="2022-03-15T12:43:00 IST" skipped="0">
  <testcase classname="com.orangehrm.JavaScript_Alerts" name="JS_Alert" time="2.178"/>
  <system-out/>
  <testcase classname="com.orangehrm.JavaScript_Alerts" name="JS_Confirm" time="2.152"/>
  <system-out/>
  <testcase classname="com.orangehrm.JavaScript_Alerts" name="JS_Prompt" time="4.191"/>
  <system-out/>
</testsuite> <!-- com.orangehrm.JavaScript_Alerts -->
