<?xml version="1.0" encoding="UTF-8"?>
<!-- Generated by org.testng.reporters.JUnitReportReporter -->
<testsuite hostname="PC0QYJLL" failures="0" tests="1" name="com.orangehrm.Read_Data_From_JSON_File" time="13.507" errors="0" timestamp="2022-03-22T10:06:32 IST" skipped="0">
  <testcase classname="com.orangehrm.Read_Data_From_JSON_File" name="Flight_Login" time="13.507"/>
  <system-out/>
</testsuite> <!-- com.orangehrm.Read_Data_From_JSON_File -->
