<?xml version="1.0" encoding="UTF-8"?>
<!-- Generated by org.testng.reporters.JUnitReportReporter -->
<testsuite hostname="PC0QYJLL" failures="0" tests="1" name="Demo_TestNG_Script.HDFC_NetBanking" time="5.094" errors="0" timestamp="2022-03-15T17:01:13 IST" skipped="0">
  <testcase classname="Demo_TestNG_Script.HDFC_NetBanking" name="Login_Page" time="5.094"/>
  <system-out/>
</testsuite> <!-- Demo_TestNG_Script.HDFC_NetBanking -->
