<?xml version="1.0" encoding="UTF-8"?>
<!-- Generated by org.testng.reporters.JUnitReportReporter -->
<testsuite hostname="PC0QYJLL" failures="0" tests="3" name="com.orangehrm.Delete_User_Verify_User_got_Deleted" time="30.960" errors="0" timestamp="2022-03-23T11:05:37 IST" skipped="0">
  <testcase classname="com.orangehrm.Delete_User_Verify_User_got_Deleted" name="Login" time="7.881"/>
  <system-out/>
  <testcase classname="com.orangehrm.Delete_User_Verify_User_got_Deleted" name="Add_User" time="18.987"/>
  <system-out/>
  <testcase classname="com.orangehrm.Delete_User_Verify_User_got_Deleted" name="Logout" time="4.092"/>
  <system-out/>
</testsuite> <!-- com.orangehrm.Delete_User_Verify_User_got_Deleted -->
