<?xml version="1.0" encoding="UTF-8"?>
<!-- Generated by org.testng.reporters.JUnitReportReporter -->
<testsuite hostname="PC0QYJLL" failures="0" tests="1" name="com.orangehrm.Yatra_MouseOver_Example" time="18.572" errors="0" timestamp="2022-03-23T09:23:08 IST" skipped="0">
  <testcase classname="com.orangehrm.Yatra_MouseOver_Example" name="MouseHoverYatra" time="18.572"/>
  <system-out/>
</testsuite> <!-- com.orangehrm.Yatra_MouseOver_Example -->
