<?xml version="1.0" encoding="UTF-8"?>
<!-- Generated by org.testng.reporters.JUnitReportReporter -->
<testsuite hostname="PC0QYJLL" failures="0" tests="1" name="Demo_TestNG_Script.Spreecom_getTitle_GetCurrentURL" time="5.401" errors="0" timestamp="2022-03-15T09:30:03 IST" skipped="0">
  <testcase classname="Demo_TestNG_Script.Spreecom_getTitle_GetCurrentURL" name="Login_Valid_Scenario" time="5.401"/>
  <system-out/>
</testsuite> <!-- Demo_TestNG_Script.Spreecom_getTitle_GetCurrentURL -->
