<?xml version="1.0" encoding="UTF-8"?>
<!-- Generated by org.testng.reporters.JUnitReportReporter -->
<testsuite hostname="PC0QYJLL" failures="0" tests="3" name="com.orangehrm.Select_CheckBox_Example" time="20.118" errors="0" timestamp="2022-03-23T09:22:36 IST" skipped="0">
  <testcase classname="com.orangehrm.Select_CheckBox_Example" name="Login" time="8.420"/>
  <system-out/>
  <testcase classname="com.orangehrm.Select_CheckBox_Example" name="Leave" time="7.503"/>
  <system-out/>
  <testcase classname="com.orangehrm.Select_CheckBox_Example" name="Logout" time="4.195"/>
  <system-out/>
</testsuite> <!-- com.orangehrm.Select_CheckBox_Example -->
