<?xml version="1.0" encoding="UTF-8"?>
<!-- Generated by org.testng.reporters.JUnitReportReporter -->
<testsuite hostname="PC0QYJLL" failures="0" tests="3" name="com.orangehrm.AddUser_VerifyAdded_User_in_WebTable" time="22.361" errors="0" timestamp="2022-03-23T09:34:35 IST" skipped="0">
  <testcase classname="com.orangehrm.AddUser_VerifyAdded_User_in_WebTable" name="Login" time="8.213"/>
  <system-out/>
  <testcase classname="com.orangehrm.AddUser_VerifyAdded_User_in_WebTable" name="Add_User" time="9.968"/>
  <system-out/>
  <testcase classname="com.orangehrm.AddUser_VerifyAdded_User_in_WebTable" name="Logout" time="4.180"/>
  <system-out/>
</testsuite> <!-- com.orangehrm.AddUser_VerifyAdded_User_in_WebTable -->
