<?xml version="1.0" encoding="UTF-8"?>
<!-- Generated by org.testng.reporters.JUnitReportReporter -->
<testsuite hostname="PC0QYJLL" failures="0" tests="1" name="com.orangehrm.Read_Data_From_Properties_File" time="14.844" errors="0" timestamp="2022-03-22T10:28:48 IST" skipped="0">
  <testcase classname="com.orangehrm.Read_Data_From_Properties_File" name="Flight_Login" time="14.844"/>
  <system-out/>
</testsuite> <!-- com.orangehrm.Read_Data_From_Properties_File -->
